/nas/longleaf/apps/python/2.7.12/lib/python2.7/site-packages/pandas/io/excel.py:329: FutureWarning: The `sheetname` keyword is deprecated, use `sheet_name` instead
  **kwds)
Big_Creek_1 
0.590560055244
Big_Creek_2 
0.561309616742
Big_Creek_2A 
0.640270499476
Big_Creek_3 
0.835638603331
Big_Creek_4 
0.839963573517
Big_Creek_8 
0.736751167383
Bishop_Alamo
0.552898306893
Kern River 3
0.729759273361
KernRvr1
0.523197663201
Mamouth
0.867908293943
Portal
0.752798309478
VESTAL 
0.276638166101
WARNE_2
0.667174614455
