/nas/longleaf/apps/python/3.5.1/lib/python3.5/site-packages/statsmodels/compat/pandas.py:56: FutureWarning: The pandas.core.datetools module is deprecated and will be removed in a future version. Please use the pandas.tseries module instead.
  from pandas.core import datetools
/nas/longleaf/apps/python/3.5.1/lib/python3.5/site-packages/statsmodels/tsa/vector_ar/var_model.py:461: FutureWarning: `rcond` parameter will change to the default of machine precision times ``max(M, N)`` where M and N are the input matrix dimensions.
To use the future default and silence this warning we advise to pass `rcond=None`, to keep using the old, explicitly pass `rcond=-1`.
  params = np.linalg.lstsq(z, y_sample)[0]
/nas/longleaf/apps/python/3.5.1/lib/python3.5/site-packages/pandas/io/excel.py:329: FutureWarning: The `sheetname` keyword is deprecated, use `sheet_name` instead
  **kwds)
/nas/longleaf/apps/python/3.5.1/lib/python3.5/site-packages/statsmodels/tsa/vector_ar/var_model.py:461: FutureWarning: `rcond` parameter will change to the default of machine precision times ``max(M, N)`` where M and N are the input matrix dimensions.
To use the future default and silence this warning we advise to pass `rcond=None`, to keep using the old, explicitly pass `rcond=-1`.
  params = np.linalg.lstsq(z, y_sample)[0]
/nas/longleaf/apps/python/3.5.1/lib/python3.5/site-packages/pandas/io/excel.py:329: FutureWarning: The `sheetname` keyword is deprecated, use `sheet_name` instead
  **kwds)
/nas/longleaf/apps/python/3.5.1/lib/python3.5/site-packages/statsmodels/tsa/kalmanf/kalmanfilter.py:646: FutureWarning: Conversion of the second argument of issubdtype from `float` to `np.floating` is deprecated. In future, it will be treated as `np.float64 == np.dtype(float).type`.
  if issubdtype(paramsdtype, float):
/nas/longleaf/apps/python/3.5.1/lib/python3.5/site-packages/statsmodels/tsa/kalmanf/kalmanfilter.py:650: FutureWarning: Conversion of the second argument of issubdtype from `complex` to `np.complexfloating` is deprecated. In future, it will be treated as `np.complex128 == np.dtype(complex).type`.
  elif issubdtype(paramsdtype, complex):
/nas/longleaf/apps/python/3.5.1/lib/python3.5/site-packages/statsmodels/tsa/kalmanf/kalmanfilter.py:577: FutureWarning: Conversion of the second argument of issubdtype from `float` to `np.floating` is deprecated. In future, it will be treated as `np.float64 == np.dtype(float).type`.
  if issubdtype(paramsdtype, float):
/nas/longleaf/apps/python/3.5.1/lib/python3.5/site-packages/pandas/io/excel.py:329: FutureWarning: The `sheetname` keyword is deprecated, use `sheet_name` instead
  **kwds)
/nas/longleaf/apps/python/3.5.1/lib/python3.5/site-packages/pandas/io/excel.py:329: FutureWarning: The `sheetname` keyword is deprecated, use `sheet_name` instead
  **kwds)
/nas/longleaf/apps/python/3.5.1/lib/python3.5/site-packages/pandas/io/excel.py:329: FutureWarning: The `sheetname` keyword is deprecated, use `sheet_name` instead
  **kwds)
/nas/longleaf/apps/python/3.5.1/lib/python3.5/site-packages/pandas/io/excel.py:329: FutureWarning: The `sheetname` keyword is deprecated, use `sheet_name` instead
  **kwds)
/nas/longleaf/apps/python/3.5.1/lib/python3.5/site-packages/statsmodels/tsa/vector_ar/var_model.py:461: FutureWarning: `rcond` parameter will change to the default of machine precision times ``max(M, N)`` where M and N are the input matrix dimensions.
To use the future default and silence this warning we advise to pass `rcond=None`, to keep using the old, explicitly pass `rcond=-1`.
  params = np.linalg.lstsq(z, y_sample)[0]
synth weather
streamflows
CA hydropower
Willamette
FCRPS
wind
solar
paths
24703.704928159714
 This problem is unconstrained.
RUNNING THE L-BFGS-B CODE

           * * *

Machine precision = 2.220D-16
 N =            3     M =           12

At X0         0 variables are exactly at the bounds

At iterate    0    f=  1.22266D+00    |proj g|=  2.55886D-03

At iterate    5    f=  1.22262D+00    |proj g|=  2.53131D-06

           * * *

Tit   = total number of iterations
Tnf   = total number of function evaluations
Tnint = total number of segments explored during Cauchy searches
Skip  = number of BFGS updates skipped
Nact  = number of active bounds at final generalized Cauchy point
Projg = norm of the final projected gradient
F     = final function value

           * * *

   N    Tit     Tnf  Tnint  Skip  Nact     Projg        F
    3      7      9      1     0     0   0.000D+00   1.223D+00
  F =   1.2226230313917381     

CONVERGENCE: NORM_OF_PROJECTED_GRADIENT_<=_PGTOL            

 Cauchy                time 0.000E+00 seconds.
 Subspace minimization time 0.000E+00 seconds.
 Line search           time 0.000E+00 seconds.

 Total User time 0.000E+00 seconds.

